<?xml version="1.0" encoding="UTF-8"?>
<!-- Generated by org.testng.reporters.JUnitReportReporter -->
<testsuite hostname="DESKTOP-6E7JKDN" name="com.CTS.sampleproject.Login" tests="1" failures="0" timestamp="25 Dec 2021 15:59:16 GMT" time="0.538" errors="0">
  <testcase name="login" time="0.538" classname="com.CTS.sampleproject.Login"/>
</testsuite> <!-- com.CTS.sampleproject.Login -->
