<?xml version="1.0" encoding="UTF-8"?>
<!-- Generated by org.testng.reporters.JUnitReportReporter -->
<testsuite hostname="DESKTOP-6E7JKDN" name="com.CTS.sampleproject.CheckItemInShoppingCart" tests="1" failures="0" timestamp="27 Dec 2021 13:29:14 GMT" time="17.885" errors="0">
  <testcase name="validateItemsInCart" time="17.885" classname="com.CTS.sampleproject.CheckItemInShoppingCart"/>
</testsuite> <!-- com.CTS.sampleproject.CheckItemInShoppingCart -->
