<?xml version="1.0" encoding="UTF-8"?>
<!-- Generated by org.testng.reporters.JUnitReportReporter -->
<testsuite hostname="DESKTOP-6E7JKDN" name="com.CTS.sampleproject.Logout" tests="1" failures="0" timestamp="25 Dec 2021 04:16:17 GMT" time="0.513" errors="0">
  <testcase name="logout" time="0.513" classname="com.CTS.sampleproject.Logout"/>
</testsuite> <!-- com.CTS.sampleproject.Logout -->
