<?xml version="1.0" encoding="UTF-8"?>
<!-- Generated by org.testng.reporters.JUnitReportReporter -->
<testsuite hostname="DESKTOP-6E7JKDN" name="com.CTS.sampleproject.CheckItemInShoppingCart" tests="1" failures="0" timestamp="26 Dec 2021 23:43:24 GMT" time="15.430" errors="0">
  <testcase name="validateItemsInCart" time="15.430" classname="com.CTS.sampleproject.CheckItemInShoppingCart"/>
</testsuite> <!-- com.CTS.sampleproject.CheckItemInShoppingCart -->
