<?xml version="1.0" encoding="UTF-8"?>
<!-- Generated by org.testng.reporters.JUnitReportReporter -->
<testsuite hostname="DESKTOP-6E7JKDN" name="com.CTS.sampleproject.LoginToDemoWebShop" tests="1" failures="0" timestamp="27 Dec 2021 13:29:14 GMT" time="4.924" errors="0">
  <testcase name="loginToDemoWebShop" time="4.924" classname="com.CTS.sampleproject.LoginToDemoWebShop"/>
</testsuite> <!-- com.CTS.sampleproject.LoginToDemoWebShop -->
