<?xml version="1.0" encoding="UTF-8"?>
<!-- Generated by org.testng.reporters.JUnitReportReporter -->
<testsuite hostname="DESKTOP-6E7JKDN" name="com.CTS.sampleproject.LoginToDemoWebShop" tests="1" failures="0" timestamp="26 Dec 2021 23:43:24 GMT" time="5.162" errors="0">
  <testcase name="loginToDemoWebShop" time="5.162" classname="com.CTS.sampleproject.LoginToDemoWebShop"/>
</testsuite> <!-- com.CTS.sampleproject.LoginToDemoWebShop -->
