<?xml version="1.0" encoding="UTF-8"?>
<!-- Generated by org.testng.reporters.JUnitReportReporter -->
<testsuite hostname="DESKTOP-6E7JKDN" name="com.CTS.sampleproject.AccountSummary" tests="1" failures="0" timestamp="25 Dec 2021 04:24:15 GMT" time="0.576" errors="0">
  <testcase name="accountSummary" time="0.576" classname="com.CTS.sampleproject.AccountSummary"/>
</testsuite> <!-- com.CTS.sampleproject.AccountSummary -->
