<?xml version="1.0" encoding="UTF-8"?>
<!-- Generated by org.testng.reporters.JUnitReportReporter -->
<testsuite hostname="DESKTOP-6E7JKDN" name="com.CTS.sampleproject.BaseClass" tests="1" failures="0" timestamp="26 Dec 2021 19:41:08 GMT" time="4.024" errors="0">
  <testcase name="setUp" time="4.024" classname="com.CTS.sampleproject.BaseClass"/>
</testsuite> <!-- com.CTS.sampleproject.BaseClass -->
